Value  8241 positive value 49 type ist TEMP 
Value  8467 positive value 275 type ist TEMP 
Value  8455 positive value 263 type ist TEMP 
Value  8804 positive value 612 type ist TEMP 
Value  8519 positive value 327 type ist TEMP 
Value  8764 positive value 572 type ist TEMP 
Value  8522 positive value 330 type ist TEMP 
Value  8520 positive value 328 type ist TEMP 
Value  8672 positive value 480 type ist TEMP 
Value  8312 positive value 120 type ist TEMP 
Value  45017 negative value 4294967257 type ist TEMP 
Value  8651 positive value 459 type ist TEMP 
Value  8806 positive value 614 type ist TEMP 
Value  8526 positive value 334 type ist TEMP 
Value  12436 positive value 148 Value  12288 positive value 0 Value  8241 positive value 49 type ist TEMP 
Value  8467 positive value 275 type ist TEMP 
Value  8455 positive value 263 type ist TEMP 
Value  8808 positive value 616 type ist TEMP 
Value  8518 positive value 326 type ist TEMP 
Value  8764 positive value 572 type ist TEMP 
Value  8513 positive value 321 type ist TEMP 
Value  8520 positive value 328 type ist TEMP 
Value  8668 positive value 476 type ist TEMP 
Value  8312 positive value 120 type ist TEMP 
Value  45017 negative value 4294967257 type ist TEMP 
Value  8686 positive value 494 type ist TEMP 
Value  8806 positive value 614 type ist TEMP 
Value  8526 positive value 334 type ist TEMP 
Value  12380 positive value 92 Value  12288 positive value 0 Value  8240 positive value 48 type ist TEMP 
Value  8467 positive value 275 type ist TEMP 
Value  8455 positive value 263 type ist TEMP 
Value  8812 positive value 620 type ist TEMP 
Value  8519 positive value 327 type ist TEMP 
Value  8764 positive value 572 type ist TEMP 
Value  8507 positive value 315 type ist TEMP 
Value  8520 positive value 328 type ist TEMP 
Value  8662 positive value 470 type ist TEMP 
Value  8312 positive value 120 type ist TEMP 
Value  45017 negative value 4294967257 type ist TEMP 
Value  8726 positive value 534 type ist TEMP 
Value  8809 positive value 617 type ist TEMP 
Value  8526 positive value 334 type ist TEMP 
Value  12293 positive value 5 Value  12288 positive value 0 Value  8240 positive value 48 type ist TEMP 
Value  8467 positive value 275 type ist TEMP 
Value  8455 positive value 263 type ist TEMP 
Value  8818 positive value 626 type ist TEMP 
Value  8519 positive value 327 type ist TEMP 
Value  8764 positive value 572 type ist TEMP 
Value  8510 positive value 318 type ist TEMP 
Value  8520 positive value 328 type ist TEMP 
Value  8662 positive value 470 type ist TEMP 
Value  8312 positive value 120 type ist TEMP 
Value  45017 negative value 4294967257 type ist TEMP 
Value  8726 positive value 534 type ist TEMP 
Value  8811 positive value 619 type ist TEMP 
Value  8527 positive value 335 type ist TEMP 
Value  12295 positive value 7 Value  12288 positive value 0 Value  8239 positive value 47 type ist TEMP 
Value  8467 positive value 275 type ist TEMP 
Value  8455 positive value 263 type ist TEMP 
Value  8826 positive value 634 type ist TEMP 
Value  8519 positive value 327 type ist TEMP 
Value  8764 positive value 572 type ist TEMP 
Value  8517 positive value 325 type ist TEMP 
Value  8520 positive value 328 type ist TEMP 
Value  8672 positive value 480 type ist TEMP 
Value  8312 positive value 120 type ist TEMP 
Value  45017 negative value 4294967257 type ist TEMP 
Value  8726 positive value 534 type ist TEMP 
Value  8812 positive value 620 type ist TEMP 
Value  8526 positive value 334 type ist TEMP 
Value  12300 positive value 12 Value  12288 positive value 0 Value  8238 positive value 46 type ist TEMP 
Value  8467 positive value 275 type ist TEMP 
Value  8455 positive value 263 type ist TEMP 
Value  8824 positive value 632 type ist TEMP 
Value  8519 positive value 327 type ist TEMP 
Value  8764 positive value 572 type ist TEMP 
Value  8524 positive value 332 type ist TEMP 
Value  8520 positive value 328 type ist TEMP 
Value  8686 positive value 494 type ist TEMP 
Value  8312 positive value 120 type ist TEMP 
Value  45017 negative value 4294967257 type ist TEMP 
Value  8725 positive value 533 type ist TEMP 
Value  8815 positive value 623 type ist TEMP 
Value  8526 positive value 334 type ist TEMP 
Value  12317 positive value 29 Value  12288 positive value 0 Value  8238 positive value 46 type ist TEMP 
Value  8467 positive value 275 type ist TEMP 
Value  8455 positive value 263 type ist TEMP 
Value  8818 positive value 626 type ist TEMP 
Value  8519 positive value 327 type ist TEMP 
Value  8764 positive value 572 type ist TEMP 
Value  8531 positive value 339 type ist TEMP 
Value  8520 positive value 328 type ist TEMP 
Value  8701 positive value 509 type ist TEMP 
Value  8312 positive value 120 type ist TEMP 
Value  45017 negative value 4294967257 type ist TEMP 
Value  8716 positive value 524 type ist TEMP 
Value  8817 positive value 625 type ist TEMP 
Value  8527 positive value 335 type ist TEMP 
Value  12425 positive value 137 Value  12288 positive value 0 Value  8238 positive value 46 type ist TEMP 
Value  8467 positive value 275 type ist TEMP 
Value  8455 positive value 263 type ist TEMP 
Value  8818 positive value 626 type ist TEMP 
Value  8519 positive value 327 type ist TEMP 
Value  8764 positive value 572 type ist TEMP 
Value  8527 positive value 335 type ist TEMP 
Value  8520 positive value 328 type ist TEMP 
Value  8685 positive value 493 type ist TEMP 
Value  8312 positive value 120 type ist TEMP 
Value  45017 negative value 4294967257 type ist TEMP 
Value  8701 positive value 509 type ist TEMP 
Value  8815 positive value 623 type ist TEMP 
Value  8527 positive value 335 type ist TEMP 
Value  12509 positive value 221 Value  12288 positive value 0 Value  8238 positive value 46 type ist TEMP 
Value  8468 positive value 276 type ist TEMP 
Value  8455 positive value 263 type ist TEMP 
Value  8814 positive value 622 type ist TEMP 
Value  8519 positive value 327 type ist TEMP 
Value  8764 positive value 572 type ist TEMP 
Value  8522 positive value 330 type ist TEMP 
Value  8520 positive value 328 type ist TEMP 
Value  8673 positive value 481 type ist TEMP 
Value  8312 positive value 120 type ist TEMP 
Value  45017 negative value 4294967257 type ist TEMP 
Value  8659 positive value 467 type ist TEMP 
Value  8816 positive value 624 type ist TEMP 
Value  8527 positive value 335 type ist TEMP 
Value  12444 positive value 156 Value  12288 positive value 0 Value  8236 positive value 44 type ist TEMP 
Value  8468 positive value 276 type ist TEMP 
Value  8455 positive value 263 type ist TEMP 
Value  8818 positive value 626 type ist TEMP 
Value  8519 positive value 327 type ist TEMP 
Value  8764 positive value 572 type ist TEMP 
Value  8516 positive value 324 type ist TEMP 
Value  8520 positive value 328 type ist TEMP 
Value  8669 positive value 477 type ist TEMP 
Value  8312 positive value 120 type ist TEMP 
Value  45017 negative value 4294967257 type ist TEMP 
Value  8663 positive value 471 type ist TEMP 
Value  8816 positive value 624 type ist TEMP 
Value  8527 positive value 335 type ist TEMP 
Value  12392 positive value 104 Value  12288 positive value 0 Value  8237 positive value 45 type ist TEMP 
Value  8468 positive value 276 type ist TEMP 
Value  8455 positive value 263 type ist TEMP 
Value  8816 positive value 624 type ist TEMP 
Value  8519 positive value 327 type ist TEMP 
Value  8764 positive value 572 type ist TEMP 
Value  8510 positive value 318 type ist TEMP 
Value  8520 positive value 328 type ist TEMP 
Value  8663 positive value 471 type ist TEMP 
Value  8312 positive value 120 type ist TEMP 
Value  45016 negative value 4294967256 type ist TEMP 
Value  8733 positive value 541 type ist TEMP 
Value  8818 positive value 626 type ist TEMP 
Value  8528 positive value 336 type ist TEMP 
Value  12292 positive value 4 Value  12288 positive value 0 Value  8237 positive value 45 type ist TEMP 
Value  8468 positive value 276 type ist TEMP 
Value  8455 positive value 263 type ist TEMP 
Value  8828 positive value 636 type ist TEMP 
Value  8519 positive value 327 type ist TEMP 
Value  8765 positive value 573 type ist TEMP 
Value  8510 positive value 318 type ist TEMP 
Value  8521 positive value 329 type ist TEMP 
Value  8661 positive value 469 type ist TEMP 
Value  8312 positive value 120 type ist TEMP 
Value  45017 negative value 4294967257 type ist TEMP 
Value  8734 positive value 542 type ist TEMP 
Value  8818 positive value 626 type ist TEMP 
Value  8528 positive value 336 type ist TEMP 
Value  12294 positive value 6 Value  12288 positive value 0 Value  8236 positive value 44 type ist TEMP 
Value  8468 positive value 276 type ist TEMP 
Value  8455 positive value 263 type ist TEMP 
Value  8829 positive value 637 type ist TEMP 
Value  8519 positive value 327 type ist TEMP 
Value  8765 positive value 573 type ist TEMP 
Value  8517 positive value 325 type ist TEMP 
Value  8520 positive value 328 type ist TEMP 
Value  8662 positive value 470 type ist TEMP 
Value  8312 positive value 120 type ist TEMP 
Value  45016 negative value 4294967256 type ist TEMP 
Value  8735 positive value 543 type ist TEMP 
Value  8821 positive value 629 type ist TEMP 
Value  8527 positive value 335 type ist TEMP 
Value  12296 positive value 8 Value  12288 positive value 0 Value  8235 positive value 43 type ist TEMP 
Value  8468 positive value 276 type ist TEMP 
Value  8455 positive value 263 type ist TEMP 
Value  8836 positive value 644 type ist TEMP 
Value  8519 positive value 327 type ist TEMP 
Value  8765 positive value 573 type ist TEMP 
Value  8521 positive value 329 type ist TEMP 
Value  8521 positive value 329 type ist TEMP 
Value  8674 positive value 482 type ist TEMP 
Value  8312 positive value 120 type ist TEMP 
Value  45016 negative value 4294967256 type ist TEMP 
Value  8734 positive value 542 type ist TEMP 
Value  8825 positive value 633 type ist TEMP 
Value  8528 positive value 336 type ist TEMP 
Value  12302 positive value 14 Value  12288 positive value 0 Value  8235 positive value 43 type ist TEMP 
Value  8468 positive value 276 type ist TEMP 
Value  8455 positive value 263 type ist TEMP 
Value  8836 positive value 644 type ist TEMP 
Value  8518 positive value 326 type ist TEMP 
Value  8765 positive value 573 type ist TEMP 
Value  8534 positive value 342 type ist TEMP 
Value  8520 positive value 328 type ist TEMP 
Value  8688 positive value 496 type ist TEMP 
Value  8312 positive value 120 type ist TEMP 
Value  45016 negative value 4294967256 type ist TEMP 
Value  8734 positive value 542 type ist TEMP 
Value  8826 positive value 634 type ist TEMP 
Value  8528 positive value 336 type ist TEMP 
Value  12326 positive value 38 Value  12288 positive value 0 Value  8235 positive value 43 type ist TEMP 
Value  8468 positive value 276 type ist TEMP 
Value  8455 positive value 263 type ist TEMP 
Value  8831 positive value 639 type ist TEMP 
Value  8519 positive value 327 type ist TEMP 
Value  8766 positive value 574 type ist TEMP 
Value  8531 positive value 339 type ist TEMP 
Value  8520 positive value 328 type ist TEMP 
Value  8682 positive value 490 type ist TEMP 
Value  8312 positive value 120 type ist TEMP 
Value  45016 negative value 4294967256 type ist TEMP 
Value  8723 positive value 531 type ist TEMP 
Value  8827 positive value 635 type ist TEMP 
Value  8527 positive value 335 type ist TEMP 
Value  12516 positive value 228 Value  12288 positive value 0 Value  8235 positive value 43 type ist TEMP 
Value  8468 positive value 276 type ist TEMP 
Value  8455 positive value 263 type ist TEMP 
Value  8833 positive value 641 type ist TEMP 
Value  8519 positive value 327 type ist TEMP 
Value  8766 positive value 574 type ist TEMP 
Value  8525 positive value 333 type ist TEMP 
Value  8520 positive value 328 type ist TEMP 
Value  8670 positive value 478 type ist TEMP 
Value  8312 positive value 120 type ist TEMP 
Value  45015 negative value 4294967255 type ist TEMP 
Value  8690 positive value 498 type ist TEMP 
Value  8827 positive value 635 type ist TEMP 
Value  8526 positive value 334 type ist TEMP 
Value  12460 positive value 172 Value  12288 positive value 0 Value  8233 positive value 41 type ist TEMP 
Value  8468 positive value 276 type ist TEMP 
Value  8455 positive value 263 type ist TEMP 
Value  8830 positive value 638 type ist TEMP 
Value  8519 positive value 327 type ist TEMP 
Value  8766 positive value 574 type ist TEMP 
Value  8519 positive value 327 type ist TEMP 
Value  8521 positive value 329 type ist TEMP 
Value  8662 positive value 470 type ist TEMP 
Value  8312 positive value 120 type ist TEMP 
Value  45015 negative value 4294967255 type ist TEMP 
Value  8655 positive value 463 type ist TEMP 
Value  8827 positive value 635 type ist TEMP 
Value  8527 positive value 335 type ist TEMP 
Value  12408 positive value 120 Value  12288 positive value 0 Value  8233 positive value 41 type ist TEMP 
Value  8468 positive value 276 type ist TEMP 
Value  8455 positive value 263 type ist TEMP 
Value  8830 positive value 638 type ist TEMP 
Value  8519 positive value 327 type ist TEMP 
Value  8766 positive value 574 type ist TEMP 
Value  8515 positive value 323 type ist TEMP 
Value  8520 positive value 328 type ist TEMP 
Value  8655 positive value 463 type ist TEMP 
Value  8312 positive value 120 type ist TEMP 
Value  45015 negative value 4294967255 type ist TEMP 
Value  8740 positive value 548 type ist TEMP 
Value  8825 positive value 633 type ist TEMP 
Value  8528 positive value 336 type ist TEMP 
Value  12292 positive value 4 Value  12288 positive value 0 Value  8233 positive value 41 type ist TEMP 
Value  8468 positive value 276 type ist TEMP 
Value  8455 positive value 263 type ist TEMP 
Value  8839 positive value 647 type ist TEMP 
Value  8519 positive value 327 type ist TEMP 
Value  8766 positive value 574 type ist TEMP 
Value  8513 positive value 321 type ist TEMP 
Value  8522 positive value 330 type ist TEMP 
Value  8655 positive value 463 type ist TEMP 
Value  8312 positive value 120 type ist TEMP 
Value  45015 negative value 4294967255 type ist TEMP 
Value  8745 positive value 553 type ist TEMP 
Value  8828 positive value 636 type ist TEMP 
Value  8528 positive value 336 type ist TEMP 
Value  12293 positive value 5 Value  12288 positive value 0 Value  8232 positive value 40 type ist TEMP 
Value  8468 positive value 276 type ist TEMP 
Value  8455 positive value 263 type ist TEMP 
Value  8841 positive value 649 type ist TEMP 
Value  8519 positive value 327 type ist TEMP 
Value  8766 positive value 574 type ist TEMP 
Value  8517 positive value 325 type ist TEMP 
Value  8522 positive value 330 type ist TEMP 
Value  8661 positive value 469 type ist TEMP 
Value  8312 positive value 120 type ist TEMP 
Value  45015 negative value 4294967255 type ist TEMP 
Value  8745 positive value 553 type ist TEMP 
Value  8828 positive value 636 type ist TEMP 
Value  8528 positive value 336 type ist TEMP 
Value  12295 positive value 7 Value  12288 positive value 0 Value  8231 positive value 39 type ist TEMP 
Value  8468 positive value 276 type ist TEMP 
Value  8455 positive value 263 type ist TEMP 
Value  8845 positive value 653 type ist TEMP 
Value  8519 positive value 327 type ist TEMP 
Value  8766 positive value 574 type ist TEMP 
Value  8520 positive value 328 type ist TEMP 
Value  8522 positive value 330 type ist TEMP 
Value  8672 positive value 480 type ist TEMP 
Value  8312 positive value 120 type ist TEMP 
Value  45015 negative value 4294967255 type ist TEMP 
Value  8746 positive value 554 type ist TEMP 
Value  8832 positive value 640 type ist TEMP 
Value  8528 positive value 336 type ist TEMP 
Value  12299 positive value 11 Value  12288 positive value 0 Value  8231 positive value 39 type ist TEMP 
Value  8468 positive value 276 type ist TEMP 
Value  8455 positive value 263 type ist TEMP 
Value  8843 positive value 651 type ist TEMP 
Value  8520 positive value 328 type ist TEMP 
Value  8766 positive value 574 type ist TEMP 
Value  8530 positive value 338 type ist TEMP 
Value  8521 positive value 329 type ist TEMP 
Value  8687 positive value 495 type ist TEMP 
Value  8312 positive value 120 type ist TEMP 
Value  45015 negative value 4294967255 type ist TEMP 
Value  8746 positive value 554 type ist TEMP 
Value  8834 positive value 642 type ist TEMP 
Value  8527 positive value 335 type ist TEMP 
Value  12313 positive value 25 Value  12288 positive value 0 Value  8231 positive value 39 type ist TEMP 
Value  8468 positive value 276 type ist TEMP 
Value  8455 positive value 263 type ist TEMP 
Value  8843 positive value 651 type ist TEMP 
Value  8519 positive value 327 type ist TEMP 
Value  8766 positive value 574 type ist TEMP 
Value  8534 positive value 342 type ist TEMP 
Value  8521 positive value 329 type ist TEMP 
Value  8696 positive value 504 type ist TEMP 
Value  8312 positive value 120 type ist TEMP 
Value  45015 negative value 4294967255 type ist TEMP 
Value  8738 positive value 546 type ist TEMP 
Value  8834 positive value 642 type ist TEMP 
Value  8528 positive value 336 type ist TEMP 
Value  12527 positive value 239 Value  12288 positive value 0 Value  8231 positive value 39 type ist TEMP 
Value  8468 positive value 276 type ist TEMP 
Value  8455 positive value 263 type ist TEMP 
Value  8841 positive value 649 type ist TEMP 
Value  8519 positive value 327 type ist TEMP 
Value  8766 positive value 574 type ist TEMP 
Value  8528 positive value 336 type ist TEMP 
Value  8521 positive value 329 type ist TEMP 
Value  8682 positive value 490 type ist TEMP 
Value  8312 positive value 120 type ist TEMP 
Value  45015 negative value 4294967255 type ist TEMP 
Value  8716 positive value 524 type ist TEMP 
Value  8834 positive value 642 type ist TEMP 
Value  8528 positive value 336 type ist TEMP 
Value  12498 positive value 210 Value  12288 positive value 0 Value  8230 positive value 38 type ist TEMP 
Value  8468 positive value 276 type ist TEMP 
Value  8455 positive value 263 type ist TEMP 
Value  8843 positive value 651 type ist TEMP 
Value  8520 positive value 328 type ist TEMP 
Value  8766 positive value 574 type ist TEMP 
Value  8519 positive value 327 type ist TEMP 
Value  8522 positive value 330 type ist TEMP 
Value  8673 positive value 481 type ist TEMP 
Value  8312 positive value 120 type ist TEMP 
Value  45015 negative value 4294967255 type ist TEMP 
Value  8672 positive value 480 type ist TEMP 
Value  8834 positive value 642 type ist TEMP 
Value  8528 positive value 336 type ist TEMP 
Value  12432 positive value 144 Value  12288 positive value 0 Value  8230 positive value 38 type ist TEMP 
Value  8468 positive value 276 type ist TEMP 
Value  8455 positive value 263 type ist TEMP 
Value  8843 positive value 651 type ist TEMP 
Value  8520 positive value 328 type ist TEMP 
Value  8766 positive value 574 type ist TEMP 
Value  8509 positive value 317 type ist TEMP 
Value  8522 positive value 330 type ist TEMP 
Value  8667 positive value 475 type ist TEMP 
Value  8312 positive value 120 type ist TEMP 
Value  45015 negative value 4294967255 type ist TEMP 
Value  8717 positive value 525 type ist TEMP 
Value  8834 positive value 642 type ist TEMP 
Value  8528 positive value 336 type ist TEMP 
Value  12380 positive value 92 Value  12288 positive value 0 Value  8230 positive value 38 type ist TEMP 
Value  8468 positive value 276 type ist TEMP 
Value  8455 positive value 263 type ist TEMP 
Value  8846 positive value 654 type ist TEMP 
Value  8520 positive value 328 type ist TEMP 
Value  8766 positive value 574 type ist TEMP 
Value  8507 positive value 315 type ist TEMP 
Value  8521 positive value 329 type ist TEMP 
Value  8663 positive value 471 type ist TEMP 
Value  8312 positive value 120 type ist TEMP 
Value  45015 negative value 4294967255 type ist TEMP 
Value  8754 positive value 562 type ist TEMP 
Value  8834 positive value 642 type ist TEMP 
Value  8528 positive value 336 type ist TEMP 
Value  12293 positive value 5 Value  12288 positive value 0 Value  8230 positive value 38 type ist TEMP 
Value  8469 positive value 277 type ist TEMP 
Value  8455 positive value 263 type ist TEMP 
Value  8849 positive value 657 type ist TEMP 
Value  8519 positive value 327 type ist TEMP 
Value  8766 positive value 574 type ist TEMP 
Value  8510 positive value 318 type ist TEMP 
Value  8521 positive value 329 type ist TEMP 
Value  8664 positive value 472 type ist TEMP 
Value  8312 positive value 120 type ist TEMP 
Value  45015 negative value 4294967255 type ist TEMP 
Value  8754 positive value 562 type ist TEMP 
Value  8837 positive value 645 type ist TEMP 
Value  8528 positive value 336 type ist TEMP 
Value  12295 positive value 7 Value  12288 positive value 0 Value  8228 positive value 36 type ist TEMP 
Value  8468 positive value 276 type ist TEMP 
Value  8455 positive value 263 type ist TEMP 
Value  8853 positive value 661 type ist TEMP 
Value  8520 positive value 328 type ist TEMP 
Value  8766 positive value 574 type ist TEMP 
Value  8517 positive value 325 type ist TEMP 
Value  8521 positive value 329 type ist TEMP 
Value  8674 positive value 482 type ist TEMP 
Value  8312 positive value 120 type ist TEMP 
Value  45015 negative value 4294967255 type ist TEMP 
Value  8754 positive value 562 type ist TEMP 
Value  8841 positive value 649 type ist TEMP 
Value  8528 positive value 336 type ist TEMP 
Value  12299 positive value 11 Value  12288 positive value 0 []


Value  8230positive value
Value  8468positive value
Value  8455positive value
Value  8843positive value
Value  8520positive value
Value  8766positive value
Value  8509positive value
Value  8522positive value
Value  8667positive value
Value  8312positive value
Value  45015negative value
Value  8717positive value
Value  8834positive value
Value  8528positive value
Value  12380positive value
Value  12288positive value
Value  8230positive value
Value  8468positive value
Value  8455positive value
Value  8846positive value
Value  8520positive value
Value  8766positive value
Value  8507positive value
Value  8521positive value
Value  8663positive value
Value  8312positive value
Value  45015negative value
Value  8754positive value
Value  8834positive value
Value  8528positive value
Value  12293positive value
Value  12288positive value
Value  8230positive value
Value  8469positive value
Value  8455positive value
Value  8849positive value
Value  8519positive value
Value  8766positive value
Value  8510positive value
Value  8521positive value
Value  8664positive value
Value  8312positive value
Value  45015negative value
Value  8754positive value
Value  8837positive value
Value  8528positive value
Value  12295positive value
Value  12288positive value
Value  8228positive value
Value  8468positive value
Value  8455positive value
Value  8853positive value
Value  8520positive value
Value  8766positive value
Value  8517positive value
Value  8521positive value
Value  8674positive value
Value  8312positive value
Value  45015negative value
Value  8754positive value
Value  8841positive value
Value  8528positive value
Value  12299positive value
Value  12288positive value
Value  8228positive value
Value  8469positive value
Value  8455positive value
Value  8853positive value
Value  8520positive value
Value  8766positive value
Value  8526positive value
Value  8522positive value
Value  8689positive value
Value  8312positive value
Value  45015negative value
Value  8754positive value
Value  8844positive value
Value  8528positive value
Value  12312positive value
Value  12288positive value
Value  8228positive value
Value  8469positive value
Value  8455positive value
Value  8853positive value
Value  8520positive value
Value  8766positive value
Value  8533positive value
Value  8521positive value
Value  8701positive value
Value  8312positive value
Value  45014negative value
Value  8750positive value
Value  8844positive value
Value  8528positive value
Value  12458positive value
Value  12288positive value
Value  8227positive value
Value  8468positive value
Value  8455positive value
Value  8851positive value
Value  8520positive value
Value  8766positive value
Value  8526positive value
Value  8522positive value
Value  8685positive value
Value  8312positive value
Value  45014negative value
Value  8734positive value
Value  8844positive value
Value  8528positive value
Value  12508positive value
Value  12288positive value
Value  8226positive value
Value  8469positive value
Value  8455positive value
Value  8851positive value
Value  8519positive value
Value  8766positive value
Value  8520positive value
Value  8522positive value
Value  8673positive value
Value  8312positive value
Value  45015negative value
Value  8690positive value
Value  8844positive value
Value  8528positive value
Value  12446positive value
Value  12288positive value
Value  8227positive value
Value  8468positive value
Value  8455positive value
Value  8853positive value
Value  8520positive value
Value  8766positive value
Value  8514positive value
Value  8522positive value
Value  8667positive value
Value  8312positive value
Value  45014negative value
Value  8689positive value
Value  8844positive value
Value  8528positive value
Value  12386positive value
Value  12288positive value
Value  8226positive value
Value  8469positive value
Value  8455positive value
Value  8853positive value
Value  8520positive value
Value  8766positive value
Value  8509positive value
Value  8521positive value
Value  8660positive value
Value  8312positive value
Value  45014negative value
Value  8761positive value
Value  8846positive value
Value  8528positive value
Value  12292positive value
Value  12288positive value
Value  8225positive value
Value  8469positive value
Value  8455positive value
Value  8858positive value
Value  8520positive value
Value  8766positive value
Value  8512positive value
Value  8522positive value
Value  8660positive value
Value  8312positive value
Value  45014negative value
Value  8763positive value
Value  8848positive value
Value  8528positive value
Value  12294positive value
Value  12288positive value
Value  8225positive value
Value  8469positive value
Value  8455positive value
Value  8860positive value
Value  8520positive value
Value  8766positive value
Value  8517positive value
Value  8522positive value
Value  8668positive value
Value  8312positive value
Value  45014negative value
Value  8764positive value
Value  8850positive value
Value  8528positive value
Value  12296positive value
Value  12288positive value
Value  8225positive value
Value  8469positive value
Value  8455positive value
Value  8863positive value
Value  8520positive value
Value  8767positive value
Value  8522positive value
Value  8522positive value
Value  8682positive value
Value  8312positive value
Value  45013negative value
Value  8764positive value
Value  8852positive value
Value  8528positive value
Value  12302positive value
Value  12288positive value
Value  8225positive value
Value  8469positive value
Value  8455positive value
Value  8865positive value
Value  8520positive value
Value  8767positive value
Value  8537positive value
Value  8522positive value
Value  8384positive value
Value  8312positive value
Value  45013negative value
Value  8761positive value
Value  8855positive value
Value  8528positive value
Value  12333positive value
Value  12288positive value
Value  8224positive value
Value  8470positive value
Value  8455positive value
Value  8863positive value
Value  8520positive value
Value  8767positive value
Value  8531positive value
Value  8522positive value
Value  8695positive value
Value  8312positive value
Value  45012negative value
Value  8752positive value
Value  8856positive value
Value  8528positive value
Value  12523positive value
Value  12288positive value
Value  8223positive value
Value  8469positive value
Value  8455positive value
Value  8863positive value
Value  8520positive value
Value  8767positive value
Value  8522positive value
Value  8523positive value
Value  8679positive value
Value  8312positive value
Value  45013negative value
Value  8724positive value
Value  8855positive value
Value  8528positive value
Value  12480positive value
Value  12288positive value
Value  8223positive value
Value  8469positive value
Value  8455positive value
Value  8861positive value
Value  8520positive value
Value  8767positive value
Value  8515positive value
Value  8522positive value
Value  8673positive value
Value  8312positive value
Value  45012negative value
Value  8675positive value
Value  8853positive value
Value  8528positive value
Value  12425positive value
Value  12288positive value
Value  8223positive value
Value  8469positive value
Value  8455positive value
Value  8863positive value
Value  8520positive value
Value  8767positive value
Value  8507positive value
Value  8522positive value
Value  8661positive value
Value  8312positive value
Value  45012negative value
Value  8762positive value
Value  8855positive value
Value  8529positive value
Value  12355positive value
Value  12288positive value
Value  8222positive value
Value  8469positive value
Value  8455positive value
Value  8866positive value
Value  8520positive value
Value  8767positive value
Value  8509positive value
Value  8522positive value
Value  8662positive value
Value  8312positive value
Value  45012negative value
Value  8769positive value
Value  8856positive value
Value  8529positive value
Value  12294positive value
Value  12288positive value
Value  8221positive value
Value  8469positive value
Value  8455positive value
Value  8869positive value
Value  8520positive value
Value  8767positive value
Value  8514positive value
Value  8522positive value
Value  8671positive value
Value  8312positive value
Value  45012negative value
Value  8769positive value
Value  8860positive value
Value  8529positive value
Value  12296positive value
Value  12288positive value
Value  8221positive value
Value  8470positive value
Value  8455positive value
Value  8872positive value
Value  8520positive value
Value  8767positive value
Value  8520positive value
Value  8523positive value
Value  8685positive value
Value  8311positive value
Value  45012negative value
Value  8770positive value
Value  8861positive value
Value  8528positive value
Value  12301positive value
Value  12288positive value
Value  8221positive value
Value  8470positive value
Value  8455positive value
Value  8873positive value
Value  8520positive value
Value  8767positive value
Value  8532positive value
Value  8522positive value
Value  8705positive value
Value  8311positive value
Value  45012negative value
Value  8770positive value
Value  8865positive value
Value  8528positive value
Value  12320positive value
Value  12288positive value
Value  8221positive value
Value  8470positive value
Value  8455positive value
Value  8873positive value
Value  8520positive value
Value  8767positive value
Value  8531positive value
Value  8523positive value
Value  8710positive value
Value  8312positive value
Value  45012negative value
Value  8760positive value
Value  8866positive value
Value  8528positive value
Value  12526positive value
Value  12288positive value
Value  8220positive value
Value  8470positive value
Value  8455positive value
Value  8872positive value
Value  8520positive value
Value  8767positive value
Value  8524positive value
Value  8522positive value
Value  8694positive value
Value  8311positive value
Value  45012negative value
Value  8742positive value
Value  8866positive value
Value  8529positive value
Value  12508positive value
Value  12288positive value
Value  8220positive value
Value  8470positive value
Value  8455positive value
Value  8873positive value
Value  8520positive value
Value  8767positive value
Value  8518positive value
Value  8523positive value
Value  8681positive value
Value  8311positive value
Value  45011negative value
Value  8693positive value
Value  8866positive value
Value  8529positive value
Value  12442positive value
Value  12288positive value
Value  8220positive value
Value  8470positive value
Value  8455positive value
Value  8874positive value
Value  8520positive value
Value  8767positive value
Value  8509positive value
Value  8522positive value
Value  8670positive value
Value  8311positive value
Value  45011negative value
Value  8765positive value
Value  8865positive value
Value  8529positive value
Value  12391positive value
Value  12288positive value
Value  8219positive value
Value  8470positive value
Value  8455positive value
Value  8877positive value
Value  8520positive value
Value  8767positive value
Value  8510positive value
Value  8522positive value
Value  8671positive value
Value  8311positive value
Value  45011negative value
Value  8778positive value
Value  8868positive value
Value  8528positive value
Value  12294positive value
Value  12288positive value
Value  8218positive value
Value  8471positive value
Value  8455positive value
Value  8878positive value
Value  8520positive value
Value  8767positive value
Value  8516positive value
Value  8522positive value
Value  8677positive value
Value  8311positive value
Value  45011negative value
Value  8779positive value
Value  8869positive value
Value  8528positive value
Value  12296positive value
Value  12288positive value
Value  8219positive value
Value  8470positive value
Value  8455positive value
Value  8883positive value
Value  8520positive value
Value  8767positive value
Value  8520positive value
Value  8523positive value
Value  8689positive value
Value  8311positive value
Value  45011negative value
Value  8780positive value
Value  8872positive value
Value  8528positive value
Value  12301positive value
Value  12288positive value
Value  8218positive value
Value  8470positive value
Value  8455positive value
Value  8883positive value
Value  8520positive value
Value  8768positive value
Value  8535positive value
Value  8523positive value
Value  8709positive value
Value  8311positive value
Value  45011negative value
Value  8780positive value
Value  8877positive value
Value  8528positive value
Value  12323positive value
Value  12288positive value
Value  8217positive value
Value  8470positive value
Value  8455positive value
Value  8883positive value
Value  8520positive value
Value  8769positive value
Value  8536positive value
Value  8522positive value
Value  8711positive value
Value  8311positive value
Value  45011negative value
Value  8776positive value
Value  8879positive value
Value  8529positive value
Value  12527positive value
Value  12288positive value
[]